<?xml version="1.0" encoding="UTF-8"?>
<!-- Generated by org.testng.reporters.JUnitReportReporter -->
<testsuite hostname="DESKTOP-0BN16UB" failures="0" tests="1" name="com.customer.testcases.TC_LoginTest_002" time="11.885" errors="0" timestamp="2022-06-09T15:09:26 BST" skipped="0">
  <testcase classname="com.customer.testcases.TC_LoginTest_002" name="loginTest" time="11.885"/>
  <system-out/>
</testsuite> <!-- com.customer.testcases.TC_LoginTest_002 -->
